000 (027.000.000) 12/06 13:46:56 Job submitted from host: <10.87.24.33:9618?addrs=10.87.24.33-9618&noUDP&sock=1885_881c_4>
...
001 (027.000.000) 12/06 13:46:58 Job executing on host: <10.87.24.58:9618?addrs=10.87.24.58-9618&noUDP&sock=1166_5b84_3>
...
006 (027.000.000) 12/06 13:47:06 Image size of job updated: 119316
	32  -  MemoryUsage of job (MB)
	32404  -  ResidentSetSize of job (KB)
...
006 (027.000.000) 12/06 13:47:16 Image size of job updated: 1066776
	32  -  MemoryUsage of job (MB)
	32404  -  ResidentSetSize of job (KB)
...
005 (027.000.000) 12/06 13:47:16 Job terminated.
	(1) Normal termination (return value 1)
		Usr 0 00:00:02, Sys 0 00:00:00  -  Run Remote Usage
		Usr 0 00:00:00, Sys 0 00:00:00  -  Run Local Usage
		Usr 0 00:00:02, Sys 0 00:00:00  -  Total Remote Usage
		Usr 0 00:00:00, Sys 0 00:00:00  -  Total Local Usage
	0  -  Run Bytes Sent By Job
	0  -  Run Bytes Received By Job
	0  -  Total Bytes Sent By Job
	0  -  Total Bytes Received By Job
	Partitionable Resources :    Usage  Request Allocated Assigned
	   Cpus                 :     0.22        1         1 
	   Disk (KB)            :     1           1   2734566 
	   Gpus                 :     0           1         1 "CUDA1"
	   Memory (MB)          :    32       16384     16384 
...
000 (035.000.000) 12/06 15:34:35 Job submitted from host: <10.87.24.33:9618?addrs=10.87.24.33-9618&noUDP&sock=1876_5bc2_4>
...
000 (036.000.000) 12/06 15:35:49 Job submitted from host: <10.87.24.33:9618?addrs=10.87.24.33-9618&noUDP&sock=1876_5bc2_4>
...
001 (035.000.000) 12/06 16:05:34 Job executing on host: <10.87.24.106:9618?addrs=10.87.24.106-9618&noUDP&sock=1160_3df3_3>
...
001 (036.000.000) 12/06 16:05:36 Job executing on host: <10.87.24.106:9618?addrs=10.87.24.106-9618&noUDP&sock=1160_3df3_3>
...
006 (035.000.000) 12/06 16:05:42 Image size of job updated: 115904
	31  -  MemoryUsage of job (MB)
	31196  -  ResidentSetSize of job (KB)
...
006 (036.000.000) 12/06 16:05:44 Image size of job updated: 1
	4  -  MemoryUsage of job (MB)
	3968  -  ResidentSetSize of job (KB)
...
005 (035.000.000) 12/06 16:05:50 Job terminated.
	(1) Normal termination (return value 1)
		Usr 0 00:00:00, Sys 0 00:00:00  -  Run Remote Usage
		Usr 0 00:00:00, Sys 0 00:00:00  -  Run Local Usage
		Usr 0 00:00:00, Sys 0 00:00:00  -  Total Remote Usage
		Usr 0 00:00:00, Sys 0 00:00:00  -  Total Local Usage
	0  -  Run Bytes Sent By Job
	0  -  Run Bytes Received By Job
	0  -  Total Bytes Sent By Job
	0  -  Total Bytes Received By Job
	Partitionable Resources :    Usage  Request Allocated Assigned
	   Cpus                 :     0.08        1         1 
	   Disk (KB)            :     1           1   1608766 
	   Gpus                 :     0.00        1         1 "CUDA0"
	   Memory (MB)          :    31       16384     16384 
...
006 (036.000.000) 12/06 16:05:50 Image size of job updated: 31332
	4  -  MemoryUsage of job (MB)
	3968  -  ResidentSetSize of job (KB)
...
005 (036.000.000) 12/06 16:05:50 Job terminated.
	(1) Normal termination (return value 1)
		Usr 0 00:00:02, Sys 0 00:00:00  -  Run Remote Usage
		Usr 0 00:00:00, Sys 0 00:00:00  -  Run Local Usage
		Usr 0 00:00:02, Sys 0 00:00:00  -  Total Remote Usage
		Usr 0 00:00:00, Sys 0 00:00:00  -  Total Local Usage
	0  -  Run Bytes Sent By Job
	0  -  Run Bytes Received By Job
	0  -  Total Bytes Sent By Job
	0  -  Total Bytes Received By Job
	Partitionable Resources :    Usage  Request Allocated Assigned
	   Cpus                 :     0.21        1         1 
	   Disk (KB)            :     1           1   1608766 
	   Gpus                 :     0           1         1 "CUDA1"
	   Memory (MB)          :     4       16384     16384 
...
000 (21162.000.000) 12/07 16:34:57 Job submitted from host: <10.87.24.47:9618?addrs=10.87.24.47-9618&noUDP&sock=3698_1950_3>
...
009 (21162.000.000) 12/07 16:58:47 Job was aborted by the user.
	via condor_rm (by user r0797363)
...
000 (21165.000.000) 12/07 16:59:28 Job submitted from host: <10.87.24.47:9618?addrs=10.87.24.47-9618&noUDP&sock=3698_1950_3>
...
009 (21165.000.000) 12/08 17:19:50 Job was aborted by the user.
	via condor_rm (by user r0797363)
...
000 (23820.000.000) 12/08 17:20:36 Job submitted from host: <10.87.24.47:9618?addrs=10.87.24.47-9618&noUDP&sock=3698_1950_3>
...
001 (23820.000.000) 12/08 17:35:41 Job executing on host: <10.87.24.106:9618?addrs=10.87.24.106-9618&noUDP&sock=1160_3df3_3>
...
006 (23820.000.000) 12/08 17:35:50 Image size of job updated: 622064
	82  -  MemoryUsage of job (MB)
	83796  -  ResidentSetSize of job (KB)
...
006 (23820.000.000) 12/08 17:36:00 Image size of job updated: 1168184
	82  -  MemoryUsage of job (MB)
	83796  -  ResidentSetSize of job (KB)
...
005 (23820.000.000) 12/08 17:36:00 Job terminated.
	(1) Normal termination (return value 1)
		Usr 0 00:00:02, Sys 0 00:00:00  -  Run Remote Usage
		Usr 0 00:00:00, Sys 0 00:00:00  -  Run Local Usage
		Usr 0 00:00:02, Sys 0 00:00:00  -  Total Remote Usage
		Usr 0 00:00:00, Sys 0 00:00:00  -  Total Local Usage
	0  -  Run Bytes Sent By Job
	0  -  Run Bytes Received By Job
	0  -  Total Bytes Sent By Job
	0  -  Total Bytes Received By Job
	Partitionable Resources :    Usage  Request Allocated Assigned
	   Cpus                 :     0.23        1         1 
	   Disk (KB)            :     1           1   1608766 
	   Gpus                 :     0.00        1         1 "CUDA0"
	   Memory (MB)          :    82       16384     16384 
...
000 (23821.000.000) 12/09 09:18:43 Job submitted from host: <10.87.24.47:9618?addrs=10.87.24.47-9618&noUDP&sock=3698_1950_3>
...
001 (23821.000.000) 12/09 09:19:05 Job executing on host: <10.87.24.7:9618?addrs=10.87.24.7-9618&noUDP&sock=1208_2a7e_9>
...
006 (23821.000.000) 12/09 09:19:13 Image size of job updated: 51172
	21  -  MemoryUsage of job (MB)
	20556  -  ResidentSetSize of job (KB)
...
006 (23821.000.000) 12/09 09:19:27 Image size of job updated: 869972
	21  -  MemoryUsage of job (MB)
	20556  -  ResidentSetSize of job (KB)
...
005 (23821.000.000) 12/09 09:19:27 Job terminated.
	(1) Normal termination (return value 1)
		Usr 0 00:00:01, Sys 0 00:00:00  -  Run Remote Usage
		Usr 0 00:00:00, Sys 0 00:00:00  -  Run Local Usage
		Usr 0 00:00:01, Sys 0 00:00:00  -  Total Remote Usage
		Usr 0 00:00:00, Sys 0 00:00:00  -  Total Local Usage
	0  -  Run Bytes Sent By Job
	0  -  Run Bytes Received By Job
	0  -  Total Bytes Sent By Job
	0  -  Total Bytes Received By Job
	Partitionable Resources :    Usage  Request Allocated Assigned
	   Cpus                 :     0.15        1         1 
	   Disk (KB)            :     1           1   3415209 
	   Gpus                 :     0.00        1         1 "CUDA0"
	   Memory (MB)          :    21       16384     16384 
...
000 (23823.000.000) 12/09 09:24:16 Job submitted from host: <10.87.24.47:9618?addrs=10.87.24.47-9618&noUDP&sock=3698_1950_3>
...
001 (23823.000.000) 12/09 09:24:19 Job executing on host: <10.87.24.7:9618?addrs=10.87.24.7-9618&noUDP&sock=1208_2a7e_9>
...
006 (23823.000.000) 12/09 09:24:28 Image size of job updated: 493728
	17  -  MemoryUsage of job (MB)
	16748  -  ResidentSetSize of job (KB)
...
006 (23823.000.000) 12/09 09:24:53 Image size of job updated: 1167448
	17  -  MemoryUsage of job (MB)
	16748  -  ResidentSetSize of job (KB)
...
005 (23823.000.000) 12/09 09:24:53 Job terminated.
	(1) Normal termination (return value 255)
		Usr 0 00:00:00, Sys 0 00:00:00  -  Run Remote Usage
		Usr 0 00:00:00, Sys 0 00:00:00  -  Run Local Usage
		Usr 0 00:00:00, Sys 0 00:00:00  -  Total Remote Usage
		Usr 0 00:00:00, Sys 0 00:00:00  -  Total Local Usage
	0  -  Run Bytes Sent By Job
	0  -  Run Bytes Received By Job
	0  -  Total Bytes Sent By Job
	0  -  Total Bytes Received By Job
	Partitionable Resources :    Usage  Request Allocated Assigned
	   Cpus                 :     0           1         1 
	   Disk (KB)            :    35          35   3415209 
	   Gpus                 :     0.00        1         1 "CUDA0"
	   Memory (MB)          :    17       16384     16384 
...
000 (23824.000.000) 12/09 09:25:44 Job submitted from host: <10.87.24.47:9618?addrs=10.87.24.47-9618&noUDP&sock=3698_1950_3>
...
001 (23824.000.000) 12/09 09:25:47 Job executing on host: <10.87.24.169:9618?addrs=10.87.24.169-9618&noUDP&sock=1081_0df7_3>
...
006 (23824.000.000) 12/09 09:25:55 Image size of job updated: 271836
	14  -  MemoryUsage of job (MB)
	14328  -  ResidentSetSize of job (KB)
...
006 (23824.000.000) 12/09 09:26:44 Image size of job updated: 1623292
	14  -  MemoryUsage of job (MB)
	14328  -  ResidentSetSize of job (KB)
...
005 (23824.000.000) 12/09 09:26:44 Job terminated.
	(1) Normal termination (return value 255)
		Usr 0 00:00:02, Sys 0 00:00:01  -  Run Remote Usage
		Usr 0 00:00:00, Sys 0 00:00:00  -  Run Local Usage
		Usr 0 00:00:02, Sys 0 00:00:01  -  Total Remote Usage
		Usr 0 00:00:00, Sys 0 00:00:00  -  Total Local Usage
	0  -  Run Bytes Sent By Job
	0  -  Run Bytes Received By Job
	0  -  Total Bytes Sent By Job
	0  -  Total Bytes Received By Job
	Partitionable Resources :    Usage  Request Allocated Assigned
	   Cpus                 :     0           1         1 
	   Disk (KB)            :    35          35    461072 
	   Gpus                 :     0.00        1         1 "CUDA0"
	   Memory (MB)          :    14       16384     16384 
...
000 (23825.000.000) 12/09 09:28:17 Job submitted from host: <10.87.24.47:9618?addrs=10.87.24.47-9618&noUDP&sock=3698_1950_3>
...
022 (23825.000.000) 12/09 09:28:19 Job disconnected, attempting to reconnect
    Socket between submit and execute hosts closed unexpectedly
    Trying to reconnect to slot1@jade.esat.kuleuven.be <10.87.24.164:9618?addrs=10.87.24.164-9618&noUDP&sock=1361235_90d8_3>
...
024 (23825.000.000) 12/09 09:28:20 Job reconnection failed
    Job not found at execution machine
    Can not reconnect to slot1@jade.esat.kuleuven.be, rescheduling job
...
022 (23825.000.000) 12/09 09:29:16 Job disconnected, attempting to reconnect
    Socket between submit and execute hosts closed unexpectedly
    Trying to reconnect to slot1@jade.esat.kuleuven.be <10.87.24.164:9618?addrs=10.87.24.164-9618&noUDP&sock=1361235_90d8_3>
...
024 (23825.000.000) 12/09 09:29:16 Job reconnection failed
    Job not found at execution machine
    Can not reconnect to slot1@jade.esat.kuleuven.be, rescheduling job
...
009 (23825.000.000) 12/09 09:29:47 Job was aborted by the user.
	via condor_rm (by user r0797363)
...
000 (23826.000.000) 12/09 09:30:06 Job submitted from host: <10.87.24.47:9618?addrs=10.87.24.47-9618&noUDP&sock=3698_1950_3>
...
001 (23826.000.000) 12/09 09:30:22 Job executing on host: <10.87.24.169:9618?addrs=10.87.24.169-9618&noUDP&sock=1081_0df7_3>
...
006 (23826.000.000) 12/09 09:30:31 Image size of job updated: 271968
	15  -  MemoryUsage of job (MB)
	14456  -  ResidentSetSize of job (KB)
...
006 (23826.000.000) 12/09 09:35:31 Image size of job updated: 1175292
	27  -  MemoryUsage of job (MB)
	27592  -  ResidentSetSize of job (KB)
...
005 (23826.000.000) 12/09 09:37:28 Job terminated.
	(1) Normal termination (return value 255)
		Usr 0 00:00:00, Sys 0 00:00:00  -  Run Remote Usage
		Usr 0 00:00:00, Sys 0 00:00:00  -  Run Local Usage
		Usr 0 00:00:00, Sys 0 00:00:00  -  Total Remote Usage
		Usr 0 00:00:00, Sys 0 00:00:00  -  Total Local Usage
	0  -  Run Bytes Sent By Job
	0  -  Run Bytes Received By Job
	0  -  Total Bytes Sent By Job
	0  -  Total Bytes Received By Job
	Partitionable Resources :    Usage  Request Allocated Assigned
	   Cpus                 :     0.00        1         1 
	   Disk (KB)            :    35          35    461072 
	   Gpus                 :     0.00        1         1 "CUDA0"
	   Memory (MB)          :    27       16384     16384 
...
000 (23827.000.000) 12/09 09:37:32 Job submitted from host: <10.87.24.47:9618?addrs=10.87.24.47-9618&noUDP&sock=3698_1950_3>
...
001 (23827.000.000) 12/09 09:38:18 Job executing on host: <10.87.24.169:9618?addrs=10.87.24.169-9618&noUDP&sock=1081_0df7_3>
...
006 (23827.000.000) 12/09 09:38:27 Image size of job updated: 271836
	15  -  MemoryUsage of job (MB)
	14344  -  ResidentSetSize of job (KB)
...
006 (23827.000.000) 12/09 09:40:48 Image size of job updated: 274504
	15  -  MemoryUsage of job (MB)
	14344  -  ResidentSetSize of job (KB)
...
005 (23827.000.000) 12/09 09:40:48 Job terminated.
	(1) Normal termination (return value 255)
		Usr 0 00:00:00, Sys 0 00:00:00  -  Run Remote Usage
		Usr 0 00:00:00, Sys 0 00:00:00  -  Run Local Usage
		Usr 0 00:00:00, Sys 0 00:00:00  -  Total Remote Usage
		Usr 0 00:00:00, Sys 0 00:00:00  -  Total Local Usage
	0  -  Run Bytes Sent By Job
	0  -  Run Bytes Received By Job
	0  -  Total Bytes Sent By Job
	0  -  Total Bytes Received By Job
	Partitionable Resources :    Usage  Request Allocated Assigned
	   Cpus                 :     0.00        1         1 
	   Disk (KB)            :    35          35    461072 
	   Gpus                 :     0.00        1         1 "CUDA0"
	   Memory (MB)          :    15       16384     16384 
...
000 (23828.000.000) 12/09 09:44:11 Job submitted from host: <10.87.24.47:9618?addrs=10.87.24.47-9618&noUDP&sock=3698_1950_3>
...
001 (23828.000.000) 12/09 09:44:16 Job executing on host: <10.87.24.117:9618?addrs=10.87.24.117-9618&noUDP&sock=36828_85f4_3>
...
006 (23828.000.000) 12/09 09:44:28 Image size of job updated: 272364
	15  -  MemoryUsage of job (MB)
	14720  -  ResidentSetSize of job (KB)
...
006 (23828.000.000) 12/09 09:49:26 Image size of job updated: 746136
	36  -  MemoryUsage of job (MB)
	36728  -  ResidentSetSize of job (KB)
...
006 (23828.000.000) 12/09 09:54:27 Image size of job updated: 1781300
	36  -  MemoryUsage of job (MB)
	36728  -  ResidentSetSize of job (KB)
...
005 (23828.000.000) 12/09 10:13:51 Job terminated.
	(1) Normal termination (return value 255)
		Usr 0 00:00:03, Sys 0 00:00:14  -  Run Remote Usage
		Usr 0 00:00:00, Sys 0 00:00:00  -  Run Local Usage
		Usr 0 00:00:03, Sys 0 00:00:14  -  Total Remote Usage
		Usr 0 00:00:00, Sys 0 00:00:00  -  Total Local Usage
	0  -  Run Bytes Sent By Job
	0  -  Run Bytes Received By Job
	0  -  Total Bytes Sent By Job
	0  -  Total Bytes Received By Job
	Partitionable Resources :    Usage  Request Allocated Assigned
	   Cpus                 :     0           1         1 
	   Disk (KB)            :    35          35   2027609 
	   Gpus                 :     0.00        1         1 "CUDA0"
	   Memory (MB)          :    36       16384     16384 
...
000 (23829.000.000) 12/09 10:14:25 Job submitted from host: <10.87.24.47:9618?addrs=10.87.24.47-9618&noUDP&sock=3698_1950_3>
...
001 (23829.000.000) 12/09 10:14:28 Job executing on host: <10.87.24.128:9618?addrs=10.87.24.128-9618&noUDP&sock=39210_608b_3>
...
006 (23829.000.000) 12/09 10:14:36 Image size of job updated: 271836
	14  -  MemoryUsage of job (MB)
	13704  -  ResidentSetSize of job (KB)
...
006 (23829.000.000) 12/09 10:15:02 Image size of job updated: 1698708
	14  -  MemoryUsage of job (MB)
	13704  -  ResidentSetSize of job (KB)
...
005 (23829.000.000) 12/09 10:15:02 Job terminated.
	(1) Normal termination (return value 255)
		Usr 0 00:00:02, Sys 0 00:00:01  -  Run Remote Usage
		Usr 0 00:00:00, Sys 0 00:00:00  -  Run Local Usage
		Usr 0 00:00:02, Sys 0 00:00:01  -  Total Remote Usage
		Usr 0 00:00:00, Sys 0 00:00:00  -  Total Local Usage
	0  -  Run Bytes Sent By Job
	0  -  Run Bytes Received By Job
	0  -  Total Bytes Sent By Job
	0  -  Total Bytes Received By Job
	Partitionable Resources :    Usage  Request Allocated Assigned
	   Cpus                 :     0.10        1         1 
	   Disk (KB)            :    35          35     80924 
	   Gpus                 :     0.00        1         1 "CUDA0"
	   Memory (MB)          :    14       16384     16384 
...
000 (23830.000.000) 12/09 10:15:21 Job submitted from host: <10.87.24.47:9618?addrs=10.87.24.47-9618&noUDP&sock=3698_1950_3>
...
001 (23830.000.000) 12/09 10:15:25 Job executing on host: <10.87.24.25:9618?addrs=10.87.24.25-9618&noUDP&sock=8213_036a_3>
...
006 (23830.000.000) 12/09 10:15:33 Image size of job updated: 272496
	15  -  MemoryUsage of job (MB)
	14452  -  ResidentSetSize of job (KB)
...
006 (23830.000.000) 12/09 10:15:59 Image size of job updated: 1698920
	15  -  MemoryUsage of job (MB)
	14452  -  ResidentSetSize of job (KB)
...
005 (23830.000.000) 12/09 10:15:59 Job terminated.
	(1) Normal termination (return value 255)
		Usr 0 00:00:02, Sys 0 00:00:01  -  Run Remote Usage
		Usr 0 00:00:00, Sys 0 00:00:00  -  Run Local Usage
		Usr 0 00:00:02, Sys 0 00:00:01  -  Total Remote Usage
		Usr 0 00:00:00, Sys 0 00:00:00  -  Total Local Usage
	0  -  Run Bytes Sent By Job
	0  -  Run Bytes Received By Job
	0  -  Total Bytes Sent By Job
	0  -  Total Bytes Received By Job
	Partitionable Resources :    Usage  Request Allocated Assigned
	   Cpus                 :     0.24        1         1 
	   Disk (KB)            :    35          35   6252118 
	   Gpus                 :     0           1         1 "CUDA7"
	   Memory (MB)          :    15       16384     16384 
...
000 (23831.000.000) 12/09 10:16:17 Job submitted from host: <10.87.24.47:9618?addrs=10.87.24.47-9618&noUDP&sock=3698_1950_3>
...
001 (23831.000.000) 12/09 10:16:19 Job executing on host: <10.87.24.54:9618?addrs=10.87.24.54-9618&noUDP&sock=2838_35de_3>
...
006 (23831.000.000) 12/09 10:16:28 Image size of job updated: 4892
	5  -  MemoryUsage of job (MB)
	4888  -  ResidentSetSize of job (KB)
...
005 (23831.000.000) 12/09 10:20:18 Job terminated.
	(1) Normal termination (return value 255)
		Usr 0 00:01:23, Sys 0 00:00:04  -  Run Remote Usage
		Usr 0 00:00:00, Sys 0 00:00:00  -  Run Local Usage
		Usr 0 00:01:23, Sys 0 00:00:04  -  Total Remote Usage
		Usr 0 00:00:00, Sys 0 00:00:00  -  Total Local Usage
	0  -  Run Bytes Sent By Job
	0  -  Run Bytes Received By Job
	0  -  Total Bytes Sent By Job
	0  -  Total Bytes Received By Job
	Partitionable Resources :    Usage  Request Allocated Assigned
	   Cpus                 :     0           1         1 
	   Disk (KB)            :    35          35    296858 
	   Gpus                 :     0.00        1         1 "CUDA0"
	   Memory (MB)          :     5       16384     16384 
...
000 (23832.000.000) 12/09 10:21:21 Job submitted from host: <10.87.24.47:9618?addrs=10.87.24.47-9618&noUDP&sock=3698_1950_3>
...
001 (23832.000.000) 12/09 10:21:23 Job executing on host: <10.87.24.54:9618?addrs=10.87.24.54-9618&noUDP&sock=2838_35de_3>
...
006 (23832.000.000) 12/09 10:21:32 Image size of job updated: 171448
	119  -  MemoryUsage of job (MB)
	120844  -  ResidentSetSize of job (KB)
...
006 (23832.000.000) 12/09 10:26:33 Image size of job updated: 3519120
	3331  -  MemoryUsage of job (MB)
	3410120  -  ResidentSetSize of job (KB)
...
006 (23832.000.000) 12/09 10:31:33 Image size of job updated: 7429384
	7149  -  MemoryUsage of job (MB)
	7320384  -  ResidentSetSize of job (KB)
...
006 (23832.000.000) 12/09 10:36:33 Image size of job updated: 11496900
	11124  -  MemoryUsage of job (MB)
	11390212  -  ResidentSetSize of job (KB)
...
006 (23832.000.000) 12/09 10:41:34 Image size of job updated: 15864292
	15389  -  MemoryUsage of job (MB)
	15757532  -  ResidentSetSize of job (KB)
...
006 (23832.000.000) 12/09 10:46:35 Image size of job updated: 19728184
	16350  -  MemoryUsage of job (MB)
	16742324  -  ResidentSetSize of job (KB)
...
006 (23832.000.000) 12/09 10:51:35 Image size of job updated: 23521096
	16350  -  MemoryUsage of job (MB)
	16742324  -  ResidentSetSize of job (KB)
...
006 (23832.000.000) 12/09 10:56:36 Image size of job updated: 27213476
	16350  -  MemoryUsage of job (MB)
	16742324  -  ResidentSetSize of job (KB)
...
006 (23832.000.000) 12/09 11:01:37 Image size of job updated: 30005388
	16350  -  MemoryUsage of job (MB)
	16742324  -  ResidentSetSize of job (KB)
...
006 (23832.000.000) 12/09 13:36:53 Image size of job updated: 30387460
	16350  -  MemoryUsage of job (MB)
	16742324  -  ResidentSetSize of job (KB)
...
006 (23832.000.000) 12/09 13:41:53 Image size of job updated: 30876280
	16350  -  MemoryUsage of job (MB)
	16742324  -  ResidentSetSize of job (KB)
...
005 (23832.000.000) 12/09 13:44:04 Job terminated.
	(1) Normal termination (return value 1)
		Usr 0 00:28:29, Sys 0 00:20:36  -  Run Remote Usage
		Usr 0 00:00:00, Sys 0 00:00:00  -  Run Local Usage
		Usr 0 00:28:29, Sys 0 00:20:36  -  Total Remote Usage
		Usr 0 00:00:00, Sys 0 00:00:00  -  Total Local Usage
	0  -  Run Bytes Sent By Job
	0  -  Run Bytes Received By Job
	0  -  Total Bytes Sent By Job
	0  -  Total Bytes Received By Job
	Partitionable Resources :    Usage  Request Allocated Assigned
	   Cpus                 :     0.17        1         1 
	   Disk (KB)            :     1           1    296858 
	   Gpus                 :     0.02        1         1 "CUDA0"
	   Memory (MB)          : 16350       16384     16384 
...
000 (039.000.000) 12/10 09:26:33 Job submitted from host: <10.87.24.33:9618?addrs=10.87.24.33-9618&noUDP&sock=30356_4502_4>
...
009 (039.000.000) 12/10 09:30:46 Job was aborted by the user.
	via condor_rm (by user r0797363)
...
000 (040.000.000) 12/10 09:30:51 Job submitted from host: <10.87.24.33:9618?addrs=10.87.24.33-9618&noUDP&sock=30356_4502_4>
...
009 (040.000.000) 12/10 09:31:04 Job was aborted by the user.
	via condor_rm (by user r0797363)
...
000 (041.000.000) 12/10 09:31:05 Job submitted from host: <10.87.24.33:9618?addrs=10.87.24.33-9618&noUDP&sock=30356_4502_4>
...
009 (041.000.000) 12/10 09:35:20 Job was aborted by the user.
	via condor_rm (by user r0797363)
...
